Ganache CLI v6.5.1 (ganache-core: 2.6.1-beta.0)

Available Accounts
==================
(0) 0x75d8975643dc15E7912e652a56736c1b1c945f6A (100 ETH)
(1) 0x0210ee72007848Fb43762b25fF83d0b55E8C4065 (100 ETH)
(2) 0x05B953d6a6e75961C319605A33356cBfDd959059 (100 ETH)
(3) 0x2a1c3a30C888B7b4850468Ae64Ba502B421bE779 (100 ETH)
(4) 0x69Cc136CBBcA317707E705F31C02C1f49c67eC41 (100 ETH)
(5) 0x11eCAA13AF3282838B6d5204dcDf3f6F3dBF4fbB (100 ETH)
(6) 0xD6DE628D1C91047a19121B03CF46C8242a123099 (100 ETH)
(7) 0x2f443314Cdaf1fc9c916cB3f864Dd6D0336cE80B (100 ETH)
(8) 0xf89de5B84a59350f0Df9bCba401782349628fB46 (100 ETH)
(9) 0x9E80b398de5042aAaC22c4730D0d0837Bd504Eb5 (100 ETH)

Private Keys
==================
(0) 0x1c5481a5ee23d95e6d80c5931af5a9d05068457a63483be91360a206080decdc
(1) 0x571443697dfe81e9ccffe7521ad6129e00296daac9ce6a4255c008769a77a647
(2) 0x11e61bb7e4a8176281310729a06180842929f9b91520bc9b0dfffb723af5a3f0
(3) 0x1d831d5f6d83182b5d05e4fc834e1abb0e817b7fb4a6dde8227f8dbaaba7fe23
(4) 0x3fb05ed291d22e957265f9beaa9d73798c6585cd0c24b37847607c2bef5e1e12
(5) 0xc0c791f659ecc51d1fa2a9f65288f6284f59415d96472d58cbd49b4a0c0928de
(6) 0x71dd8a83729c767de8c927e9d9628c9fd42918145acef16281a5d75f2e56508d
(7) 0x1e721cbfdf99a20768d0c8364779a7f39091cc753abca04f0ff3ae4078931c80
(8) 0xf1a4177d4b0bd7041c58d8de475e032480e584e7f131e6660529950f020093b2
(9) 0x5ec4160700a7a1f5cc0dbcdce347c2640be37c6e95ceef5811e3e71b8c82141f

HD Wallet
==================
Mnemonic:      quit cloth adult shadow blast eye rival mutual detect agree current raven
Base HD Path:  m/44'/60'/0'/0/{account_index}

Gas Price
==================
20000000000

Gas Limit
==================
6721975

Listening on 127.0.0.1:18545
eth_accounts
net_version
eth_sendTransaction

  Transaction: 0xc2332f60463a06254c1dbfb7cd24223083dcf0c3583fa61856c62625387635d1
  Contract created: 0xab4f8284e4328bd6bef1826dd3dbe86e57e0adc8
  Gas usage: 181336
  Block Number: 1
  Block Time: Tue May 19 2020 12:17:58 GMT+0200 (Central European Summer Time)

eth_getTransactionReceipt
eth_getCode
eth_sendTransaction

  Transaction: 0x768e8b0aa6c7d72b1ebecb6d91c2c26384ce2c8a467b688d7e2027ab91cc9081
  Contract created: 0xd90b6fbf1b73ecd0fa6a11abbafcca0ed912da32
  Gas usage: 263935
  Block Number: 2
  Block Time: Tue May 19 2020 12:17:58 GMT+0200 (Central European Summer Time)

eth_getTransactionReceipt
eth_getCode
eth_sendTransaction

  Transaction: 0x1cdc164f47e4f29f97f9f254657adcc7b202732b74dc5f41140893b225fe2ef1
  Contract created: 0xdf82391c1df91996f1123a5456b74e4c7e85ebb6
  Gas usage: 1389777
  Block Number: 3
  Block Time: Tue May 19 2020 12:17:58 GMT+0200 (Central European Summer Time)

eth_getTransactionReceipt
eth_getCode
eth_sendTransaction

  Transaction: 0x7bfa58c88dde1a68f48a35e4307bebab4203a4badf4fe4fda32f3355cc41b4b2
  Gas usage: 94898
  Block Number: 4
  Block Time: Tue May 19 2020 12:17:59 GMT+0200 (Central European Summer Time)

eth_getTransactionReceipt
eth_sendTransaction

  Transaction: 0xbdd1b4d2f5a4c3789e335ba74af2cccef9020706dbd471df45b93e70f6272890
  Contract created: 0x9959d8e42a2ca69c3123e614bf3b7fa812527976
  Gas usage: 694994
  Block Number: 5
  Block Time: Tue May 19 2020 12:17:59 GMT+0200 (Central European Summer Time)

eth_getTransactionReceipt
eth_getCode
eth_sendTransaction

  Transaction: 0xa9b1f8896e082ae28ce96b2536b9907753f5869024acccd7c1bdb961dddd5912
  Gas usage: 166661
  Block Number: 6
  Block Time: Tue May 19 2020 12:17:59 GMT+0200 (Central European Summer Time)

eth_getTransactionReceipt
eth_gasPrice
eth_sendTransaction

  Transaction: 0x3aec15be4bd6cf41d5b92419565e11723964a49feff3f18248bf1ef625c2330b
  Gas usage: 45376
  Block Number: 7
  Block Time: Tue May 19 2020 12:17:59 GMT+0200 (Central European Summer Time)

eth_getTransactionReceipt
eth_sendTransaction

  Transaction: 0xbff8c1896696294680740f39ae16cabed24911a54fd271577e9be05732be8b85
  Contract created: 0x565602439862bb241d84c01f137ad6c89c2eeced
  Gas usage: 1496299
  Block Number: 8
  Block Time: Tue May 19 2020 12:17:59 GMT+0200 (Central European Summer Time)

eth_getTransactionReceipt
eth_getCode
eth_sendTransaction

  Transaction: 0x4ed0750da5925036202b6609665e64866a60b6ca02424571ab6f18f69d6dc4ed
  Gas usage: 72262
  Block Number: 9
  Block Time: Tue May 19 2020 12:17:59 GMT+0200 (Central European Summer Time)

eth_getTransactionReceipt
eth_sendTransaction

  Transaction: 0x6f3c4e182c137c93a0c090f97504f4ec542460d02c76debffb6d40b86e9c0981
  Contract created: 0xbbb22a028f1b7acbb518178a6e9f5447c695666e
  Gas usage: 734745
  Block Number: 10
  Block Time: Tue May 19 2020 12:17:59 GMT+0200 (Central European Summer Time)

eth_getTransactionReceipt
eth_getCode
eth_sendTransaction

  Transaction: 0x6c87a83a77b68ef27ddb7e2b05eeca21b8491f7718158c5e74373bb1fa4afce7
  Gas usage: 72253
  Block Number: 11
  Block Time: Tue May 19 2020 12:17:59 GMT+0200 (Central European Summer Time)

eth_getTransactionReceipt
eth_sendTransaction

  Transaction: 0x04abe8dbaaa1e8d776b269374086ef7dbd4d29ff370b5a4fe6bf6f6e69c9190b
  Contract created: 0xd0316dfff745c4db8742d68162fbc3875b42f98c
  Gas usage: 1260002
  Block Number: 12
  Block Time: Tue May 19 2020 12:17:59 GMT+0200 (Central European Summer Time)

eth_getTransactionReceipt
eth_getCode
eth_sendTransaction

  Transaction: 0xba134bb20427dfc2f528e0c50c9f39db5e8e744d3c176c03411ad31ae8a839e7
  Gas usage: 92812
  Block Number: 13
  Block Time: Tue May 19 2020 12:17:59 GMT+0200 (Central European Summer Time)

eth_getTransactionReceipt
eth_sendTransaction

  Transaction: 0xe6bcca9960cfcf18e15f8c6d93c039379f0db901a0f6ca5f53b3f4a928ffd7da
  Contract created: 0x0ef42a94e2d56d08102e01edd099b851aa4ca7a8
  Gas usage: 1337513
  Block Number: 14
  Block Time: Tue May 19 2020 12:17:59 GMT+0200 (Central European Summer Time)

eth_getTransactionReceipt
eth_getCode
eth_sendTransaction

  Transaction: 0x59f7bf6c91312da92a0d137caeb51beca786bb9eaaba401e505bac0861c96aa5
  Gas usage: 137503
  Block Number: 15
  Block Time: Tue May 19 2020 12:17:59 GMT+0200 (Central European Summer Time)

eth_getTransactionReceipt
eth_sendTransaction

  Transaction: 0x3235a82cab93c8bc47925a5141e474dd7c97be7b79c36fa4a8431e18938dfb95
  Contract created: 0xc679737bc179f818729c449c2200393867bc6b8b
  Gas usage: 714494
  Block Number: 16
  Block Time: Tue May 19 2020 12:17:59 GMT+0200 (Central European Summer Time)

eth_getTransactionReceipt
eth_getCode
eth_sendTransaction

  Transaction: 0x14412a00bf32fb00d91868ca43457ea1e6ac0ead83dab002e7bb42f4501c1312
  Gas usage: 115684
  Block Number: 17
  Block Time: Tue May 19 2020 12:17:59 GMT+0200 (Central European Summer Time)

eth_getTransactionReceipt
eth_sendTransaction

  Transaction: 0xc1dcf0e8b0e16934448c920aa66bc9eb67e1c691bdfed1c3b1f49d5f9b86fa99
  Contract created: 0x29d0a99ab26fa03880b5eecfcc25fed44cc96763
  Gas usage: 1106789
  Block Number: 18
  Block Time: Tue May 19 2020 12:17:59 GMT+0200 (Central European Summer Time)

eth_getTransactionReceipt
eth_getCode
eth_sendTransaction

  Transaction: 0xeb3f0b6e39109d67dee36b3242821b462eb05bf070e9441e208461a29d4f5f1a
  Gas usage: 115595
  Block Number: 19
  Block Time: Tue May 19 2020 12:17:59 GMT+0200 (Central European Summer Time)

eth_getTransactionReceipt
eth_sendTransaction

  Transaction: 0xef6031e269972a29e33cc08bd919b4e6402cc05d8aafc13e089e4588e00e1cbd
  Contract created: 0xb6c9c3bbf70aac3c97590d070d2193296c1aa38f
  Gas usage: 1094238
  Block Number: 20
  Block Time: Tue May 19 2020 12:17:59 GMT+0200 (Central European Summer Time)

eth_getTransactionReceipt
eth_getCode
eth_sendTransaction

  Transaction: 0xa48b1251ef810ab18420bef1d052834a4bc2e622fccd19098db7e9dcecffd757
  Gas usage: 115684
  Block Number: 21
  Block Time: Tue May 19 2020 12:17:59 GMT+0200 (Central European Summer Time)

eth_getTransactionReceipt
eth_sendTransaction

  Transaction: 0xfc4c6f571e74952ee7794adc366d2853c9893bf5c0ee0c859369c2ec24afaf88
  Contract created: 0x1aca2410e341a40264ba8bdd3578a3705b2f5fd5
  Gas usage: 1159176
  Block Number: 22
  Block Time: Tue May 19 2020 12:17:59 GMT+0200 (Central European Summer Time)

eth_getTransactionReceipt
eth_getCode
eth_sendTransaction

  Transaction: 0x1389a3b7165e33e1082626fcaa6bac8e62a68abf6d9fcb2c0ca28e46a13cf7db
  Gas usage: 272626
  Block Number: 23
  Block Time: Tue May 19 2020 12:17:59 GMT+0200 (Central European Summer Time)

eth_getTransactionReceipt
net_version
net_version
net_version
net_version
net_version
net_version
net_version
net_version
net_version
net_version
net_version
net_version
net_version
net_version
net_version
net_version
net_version
net_version
net_version
net_version
net_version
net_version
eth_getCode
eth_getCode
net_version
net_version
eth_accounts
net_version
net_version
net_version
net_version
net_version
net_version
net_version
net_version
net_version
net_version
net_version
net_version
net_version
net_version
net_version
net_version
net_version
net_version
net_version
net_version
net_version
net_version
net_version
net_version
net_version
eth_accounts
net_version
net_version
net_version
net_version
net_version
net_version
net_version
net_version
net_version
net_version
net_version
net_version
net_version
net_version
net_version
net_version
net_version
net_version
net_version
net_version
net_version
net_version
net_version
net_version
net_version
eth_accounts
net_version
net_version
net_version
net_version
net_version
net_version
net_version
net_version
net_version
net_version
net_version
net_version
net_version
net_version
net_version
net_version
net_version
net_version
net_version
net_version
net_version
net_version
net_version
net_version
net_version
eth_accounts
net_version
net_version
net_version
net_version
net_version
net_version
net_version
net_version
net_version
net_version
net_version
net_version
net_version
net_version
net_version
net_version
net_version
net_version
net_version
net_version
net_version
net_version
net_version
net_version
net_version
eth_accounts
net_version
net_version
net_version
net_version
net_version
net_version
net_version
net_version
net_version
net_version
net_version
net_version
net_version
net_version
net_version
net_version
net_version
net_version
net_version
net_version
net_version
net_version
net_version
net_version
net_version
eth_accounts
net_version
net_version
net_version
net_version
net_version
net_version
net_version
net_version
net_version
net_version
net_version
net_version
net_version
net_version
net_version
net_version
net_version
net_version
net_version
net_version
net_version
net_version
net_version
net_version
net_version
eth_accounts
net_version
net_version
net_version
net_version
net_version
net_version
net_version
net_version
net_version
net_version
net_version
net_version
net_version
net_version
net_version
net_version
net_version
net_version
net_version
net_version
net_version
net_version
net_version
net_version
net_version
eth_accounts
net_version
net_version
net_version
net_version
net_version
net_version
net_version
net_version
net_version
net_version
net_version
net_version
net_version
net_version
net_version
net_version
net_version
net_version
net_version
net_version
net_version
net_version
net_version
net_version
net_version
eth_call
eth_call
eth_call
net_version
net_version
net_version
net_version
net_version
net_version
net_version
net_version
net_version
net_version
net_version
net_version
net_version
net_version
net_version
net_version
net_version
net_version
net_version
net_version
net_version
net_version
net_version
net_version
eth_accounts
net_version
eth_call
eth_call
eth_call
eth_call
eth_call
eth_call
eth_call
eth_accounts
net_version
net_version
net_version
net_version
net_version
net_version
net_version
net_version
net_version
net_version
net_version
net_version
net_version
net_version
net_version
net_version
net_version
net_version
net_version
net_version
net_version
net_version
net_version
net_version
net_version
eth_call
eth_call
eth_call
eth_accounts
net_version
net_version
net_version
net_version
net_version
net_version
net_version
net_version
net_version
net_version
net_version
net_version
net_version
net_version
net_version
net_version
net_version
net_version
net_version
net_version
net_version
net_version
net_version
net_version
net_version
eth_accounts
net_version
net_version
eth_accounts
net_version
net_version
net_version
net_version
net_version
net_version
net_version
net_version
net_version
net_version
net_version
net_version
net_version
net_version
net_version
net_version
net_version
net_version
net_version
net_version
net_version
net_version
net_version
net_version
net_version
eth_accounts
eth_blockNumber
eth_estimateGas
eth_estimateGas
eth_gasPrice
eth_gasPrice
eth_sendTransaction
eth_sendTransaction
eth_blockNumber

  Transaction: 0xd5bc4c62d9a7290676c5d14b6a0fa7f62a858530d5be23a309cfa34efb5a08df
  Gas usage: 109588
  Block Number: 24
  Block Time: Tue May 19 2020 12:18:01 GMT+0200 (Central European Summer Time)

eth_getTransactionReceipt

  Transaction: 0xc7c17bb5838a3a9accadbe1ef7d8499d05f4263aa6c9350741503d4ba7b1e011
  Gas usage: 49588
  Block Number: 25
  Block Time: Tue May 19 2020 12:18:01 GMT+0200 (Central European Summer Time)

eth_getTransactionReceipt
eth_getLogs
eth_blockNumber
eth_blockNumber
eth_blockNumber
eth_blockNumber
eth_blockNumber
eth_blockNumber
eth_blockNumber
eth_blockNumber
eth_blockNumber
eth_estimateGas
eth_estimateGas
eth_blockNumber
eth_gasPrice
eth_gasPrice
eth_sendTransaction
eth_sendTransaction

  Transaction: 0xdfb95684bcfb878858d1b4b662cfe1a2d5d91d66b6846946dd38ba18742a0823
  Gas usage: 49588
  Block Number: 26
  Block Time: Tue May 19 2020 12:18:03 GMT+0200 (Central European Summer Time)

eth_getTransactionReceipt

  Transaction: 0x9a6572c76e506b05c05f9cdca741b0e85d8e5288a3bb093b9b4de2a40c59bd84
  Gas usage: 49588
  Block Number: 27
  Block Time: Tue May 19 2020 12:18:03 GMT+0200 (Central European Summer Time)

eth_getTransactionReceipt
eth_blockNumber
eth_getLogs
eth_accounts
net_version
net_version
net_version
net_version
net_version
net_version
net_version
net_version
net_version
net_version
net_version
net_version
net_version
net_version
net_version
net_version
net_version
net_version
net_version
net_version
net_version
net_version
net_version
net_version
net_version
eth_accounts
eth_blockNumber
eth_estimateGas
eth_gasPrice
eth_sendTransaction

  Transaction: 0x84f167e392df161acbf1bac5f8a39ce2cf65a6a39cf4ba5c402f420afbf3ab90
  Gas usage: 49588
  Block Number: 28
  Block Time: Tue May 19 2020 12:18:03 GMT+0200 (Central European Summer Time)

eth_getTransactionReceipt
eth_blockNumber
eth_getLogs
eth_estimateGas
eth_gasPrice
eth_sendTransaction

  Transaction: 0xe368ef77cdcb983a2c84b36083142e222592fe79e6ac34b7ea17cdcf867175d3
  Gas usage: 49588
  Block Number: 29
  Block Time: Tue May 19 2020 12:18:05 GMT+0200 (Central European Summer Time)

eth_getTransactionReceipt
eth_accounts
net_version
net_version
net_version
net_version
net_version
net_version
net_version
net_version
net_version
net_version
net_version
net_version
net_version
net_version
net_version
net_version
net_version
net_version
net_version
net_version
net_version
net_version
net_version
net_version
net_version
eth_accounts
eth_blockNumber
eth_blockNumber
eth_estimateGas
eth_blockNumber
eth_gasPrice
eth_sendTransaction

  Transaction: 0xc2b62290e7a937d0f1ecb97bb4988926737030506d8f66b950e8a36c54e295d0
  Gas usage: 49588
  Block Number: 30
  Block Time: Tue May 19 2020 12:18:06 GMT+0200 (Central European Summer Time)

eth_getTransactionReceipt
eth_blockNumber
eth_getLogs
net_version
net_version
net_version
net_version
net_version
net_version
net_version
net_version
net_version
net_version
net_version
net_version
net_version
net_version
net_version
net_version
net_version
net_version
net_version
net_version
net_version
net_version
net_version
net_version
net_version
net_version
net_version
net_version
eth_accounts
net_version
net_version
net_version
net_version
net_version
net_version
net_version
net_version
net_version
net_version
net_version
net_version
net_version
net_version
net_version
net_version
net_version
net_version
net_version
net_version
net_version
net_version
net_version
net_version
net_version
eth_accounts
eth_estimateGas
eth_gasPrice
eth_sendTransaction

  Transaction: 0x5e822ee3a82b251550f3fed3e1dfeebc3cc8c49ee37718b05952ccea2cba5441
  Gas usage: 160812
  Block Number: 31
  Block Time: Tue May 19 2020 12:18:06 GMT+0200 (Central European Summer Time)

eth_getTransactionReceipt
eth_accounts
eth_estimateGas
eth_gasPrice
eth_sendTransaction

  Transaction: 0x02cbdd8cc3c52863e7e1ee14cbc634176f9223c57de1933e692da2f35ea9df07
  Gas usage: 145812
  Block Number: 32
  Block Time: Tue May 19 2020 12:18:06 GMT+0200 (Central European Summer Time)

eth_getTransactionReceipt
eth_estimateGas
eth_gasPrice
eth_sendTransaction

  Transaction: 0x46cf530d896a94fcb850611bfeccdb99defeb03e0eedde9bfcb4f452f03b97e1
  Gas usage: 59596
  Block Number: 33
  Block Time: Tue May 19 2020 12:18:06 GMT+0200 (Central European Summer Time)

eth_getTransactionReceipt
eth_accounts
eth_estimateGas
eth_gasPrice
eth_sendTransaction

  Transaction: 0x01b48e61d7755bd0f77a375f60f3a67314d1b311d880880d00a7e2376c5f82ed
  Gas usage: 145812
  Block Number: 34
  Block Time: Tue May 19 2020 12:18:07 GMT+0200 (Central European Summer Time)

eth_getTransactionReceipt
eth_call
eth_call
eth_accounts
eth_estimateGas
eth_gasPrice
eth_sendTransaction

  Transaction: 0x6661069e2470941cf2da5f8495939c33d010583d81f00e1567ec35144ecea146
  Gas usage: 145812
  Block Number: 35
  Block Time: Tue May 19 2020 12:18:07 GMT+0200 (Central European Summer Time)

eth_getTransactionReceipt
eth_accounts
eth_estimateGas
eth_gasPrice
eth_sendTransaction

  Transaction: 0x67041474788ca32bf120e015c487193253d7d6c395315cde6a683764ff255137
  Gas usage: 32762
  Block Number: 36
  Block Time: Tue May 19 2020 12:18:07 GMT+0200 (Central European Summer Time)

eth_getTransactionReceipt
eth_call
net_version
net_version
net_version
net_version
net_version
net_version
net_version
net_version
net_version
net_version
net_version
net_version
net_version
net_version
net_version
net_version
net_version
net_version
net_version
net_version
net_version
net_version
net_version
net_version
eth_blockNumber
eth_blockNumber
eth_blockNumber
eth_accounts
net_version
net_version
net_version
net_version
net_version
net_version
net_version
net_version
net_version
net_version
net_version
net_version
net_version
net_version
net_version
net_version
net_version
net_version
net_version
net_version
net_version
net_version
net_version
net_version
net_version
net_version
net_version
net_version
net_version
net_version
net_version
net_version
net_version
net_version
net_version
net_version
net_version
net_version
net_version
net_version
net_version
net_version
net_version
net_version
net_version
net_version
net_version
net_version
net_version
net_version
net_version
net_version
net_version
net_version
net_version
net_version
net_version
net_version
net_version
net_version
net_version
net_version
net_version
net_version
net_version
net_version
net_version
net_version
net_version
net_version
net_version
net_version
net_version
net_version
net_version
net_version
net_version
net_version
net_version
net_version
net_version
net_version
net_version
net_version
net_version
net_version
net_version
net_version
net_version
net_version
net_version
net_version
net_version
net_version
net_version
net_version
net_version
net_version
net_version
net_version
net_version
net_version
net_version
net_version
net_version
net_version
net_version
net_version
net_version
net_version
net_version
net_version
net_version
net_version
net_version
net_version
net_version
net_version
net_version
net_version
net_version
net_version
net_version
net_version
net_version
net_version
net_version
net_version
net_version
net_version
net_version
net_version
net_version
net_version
net_version
net_version
net_version
net_version
net_version
net_version
net_version
net_version
net_version
net_version
net_version
net_version
net_version
net_version
net_version
net_version
net_version
net_version
net_version
net_version
net_version
net_version
net_version
net_version
net_version
net_version
net_version
net_version
net_version
net_version
net_version
net_version
net_version
net_version
net_version
net_version
eth_accounts
net_version
net_version
net_version
net_version
net_version
net_version
net_version
net_version
net_version
net_version
net_version
net_version
net_version
net_version
net_version
net_version
net_version
net_version
net_version
net_version
net_version
net_version
net_version
net_version
net_version
eth_accounts
eth_call
eth_call
eth_call
eth_call
eth_estimateGas
eth_gasPrice
eth_sendTransaction

  Transaction: 0x0d238839b26fe5b5918964e4691d50b12cbc5e52391239ceb7e36921fb34fdda
  Gas usage: 49588
  Block Number: 37
  Block Time: Tue May 19 2020 12:18:08 GMT+0200 (Central European Summer Time)

eth_getTransactionReceipt
eth_call
eth_call
eth_getBalance
eth_getBalance
eth_call
eth_call
eth_estimateGas
eth_gasPrice
eth_sendTransaction

  Transaction: 0xb9b24df449a17f8fe0272c88216b0499658b9063622c48fa96efc7725ac214ae
  Gas usage: 49652
  Block Number: 38
  Block Time: Tue May 19 2020 12:18:08 GMT+0200 (Central European Summer Time)

eth_getTransactionReceipt
net_version
net_version
net_version
net_version
net_version
net_version
net_version
net_version
net_version
net_version
net_version
net_version
net_version
net_version
net_version
net_version
net_version
net_version
net_version
net_version
net_version
net_version
net_version
net_version
eth_accounts
eth_accounts
eth_accounts
net_version
net_version
net_version
net_version
net_version
net_version
net_version
net_version
net_version
net_version
net_version
net_version
net_version
net_version
net_version
net_version
net_version
net_version
net_version
net_version
net_version
net_version
net_version
net_version
net_version
net_version
net_version
net_version
net_version
net_version
net_version
net_version
net_version
net_version
net_version
net_version
net_version
net_version
net_version
net_version
net_version
net_version
net_version
net_version
net_version
net_version
net_version
net_version
eth_accounts
personal_sign
eth_sign
personal_sign
eth_sign
eth_accounts
net_version
net_version
net_version
net_version
net_version
net_version
net_version
net_version
net_version
net_version
net_version
net_version
net_version
net_version
net_version
net_version
net_version
net_version
net_version
net_version
net_version
net_version
net_version
net_version
net_version
net_version
net_version
net_version
net_version
net_version
net_version
net_version
net_version
net_version
net_version
net_version
net_version
net_version
net_version
net_version
net_version
net_version
net_version
net_version
net_version
net_version
net_version
net_version
net_version
eth_accounts
eth_getBalance
eth_call
eth_call
net_version
net_version
net_version
net_version
net_version
net_version
net_version
net_version
net_version
net_version
net_version
net_version
net_version
net_version
net_version
net_version
net_version
net_version
net_version
net_version
net_version
net_version
net_version
net_version
eth_accounts
personal_sign
eth_sign
eth_accounts
net_version
eth_sendTransaction

  Transaction: 0x49c0791b76f1b51c414972bf4e50136d414f31e3918ab9a73b480bee69136653
  Contract created: 0x34c0807a4fd781637dcf3c1c9eeaa4c3f4650330
  Gas usage: 181336
  Block Number: 39
  Block Time: Tue May 19 2020 12:21:38 GMT+0200 (Central European Summer Time)

eth_getTransactionReceipt
eth_getCode
eth_sendTransaction

  Transaction: 0x2ab00860c2f025d83b012c2f647184dcf786cc3e5ef8580a88ce1cef8fd77d48
  Contract created: 0x0884dfc592cc777ae52be0c7653deb47d4212574
  Gas usage: 263935
  Block Number: 40
  Block Time: Tue May 19 2020 12:21:38 GMT+0200 (Central European Summer Time)

eth_getTransactionReceipt
eth_getCode
eth_sendTransaction

  Transaction: 0x6b0826e133cdb918aa0f72fe28e3871bf3c0714bfff5fee66a5b750fecb7a52b
  Contract created: 0x8f60caf7f657b499ed1c7da3cbfc4e7e0ca1567e
  Gas usage: 1389777
  Block Number: 41
  Block Time: Tue May 19 2020 12:21:38 GMT+0200 (Central European Summer Time)

eth_getTransactionReceipt
eth_getCode
eth_sendTransaction

  Transaction: 0x471c06a4f76c2218850abe6e1c083e2471e41e1fc30d3c5d848027be109cf527
  Gas usage: 94898
  Block Number: 42
  Block Time: Tue May 19 2020 12:21:38 GMT+0200 (Central European Summer Time)

eth_getTransactionReceipt
eth_sendTransaction

  Transaction: 0x04a6557e8bdb7c0377cc6791d737460fd6a3334c63b5a31c5ab2a27ce6ef9f67
  Contract created: 0x692a50762776f73cd173134dd04249ac4074965a
  Gas usage: 694994
  Block Number: 43
  Block Time: Tue May 19 2020 12:21:38 GMT+0200 (Central European Summer Time)

eth_getTransactionReceipt
eth_getCode
eth_sendTransaction

  Transaction: 0x99ca49183db6dc8994a3c3f9e6418350b62ce645b0e694e06e5c482edd1a8bf1
  Gas usage: 166661
  Block Number: 44
  Block Time: Tue May 19 2020 12:21:38 GMT+0200 (Central European Summer Time)

eth_getTransactionReceipt
eth_gasPrice
eth_sendTransaction

  Transaction: 0x925b8f8a92aade3d892e30fad67f24083e24aa9d8ff2e4536a3fee09e4b4c421
  Gas usage: 45376
  Block Number: 45
  Block Time: Tue May 19 2020 12:21:38 GMT+0200 (Central European Summer Time)

eth_getTransactionReceipt
eth_sendTransaction

  Transaction: 0x0468128b489b9973636a18c5e04b1cb5be4a63e49a033929bb98d9d79e74bb88
  Contract created: 0x47645445b17950d81d0fa3dff183e58698353592
  Gas usage: 1496299
  Block Number: 46
  Block Time: Tue May 19 2020 12:21:38 GMT+0200 (Central European Summer Time)

eth_getTransactionReceipt
eth_getCode
eth_sendTransaction

  Transaction: 0xd33af314bac98873997ef7d5f331988d8b8d398e67458fffb8252f04d34d3bd4
  Gas usage: 72262
  Block Number: 47
  Block Time: Tue May 19 2020 12:21:38 GMT+0200 (Central European Summer Time)

eth_getTransactionReceipt
eth_sendTransaction

  Transaction: 0x6cebd84aa75764cfe14c0f6c1f446457bbf40a7da83e4baa5f995cfeb15f9bce
  Contract created: 0x8455bc4c25589a30284d470fd8a5fffff9162c1d
  Gas usage: 734745
  Block Number: 48
  Block Time: Tue May 19 2020 12:21:38 GMT+0200 (Central European Summer Time)

eth_getTransactionReceipt
eth_getCode
eth_sendTransaction

  Transaction: 0xd7eeb46e2d41fdb29466db6612bf54e399697596effb814c3317b93071102d6c
  Gas usage: 72253
  Block Number: 49
  Block Time: Tue May 19 2020 12:21:38 GMT+0200 (Central European Summer Time)

eth_getTransactionReceipt
eth_sendTransaction

  Transaction: 0x3fe59fa99277b3674db9547e2ab422f1dca182af836b2ca9b77f7343b397ee7c
  Contract created: 0x0f23f5b5c23008728ac3315ead9e7b6796c749cb
  Gas usage: 1260002
  Block Number: 50
  Block Time: Tue May 19 2020 12:21:38 GMT+0200 (Central European Summer Time)

eth_getTransactionReceipt
eth_getCode
eth_sendTransaction

  Transaction: 0xcd99d8641c8ab8731891ac4c2c39a85e2e1ad96ca0771a6dbc5fd095a7b8974b
  Gas usage: 92812
  Block Number: 51
  Block Time: Tue May 19 2020 12:21:38 GMT+0200 (Central European Summer Time)

eth_getTransactionReceipt
eth_sendTransaction

  Transaction: 0xe83aa8f546ee3bdcf213ed0a1b39c85e897bb804750eb6eb6a1b960b12ca34be
  Contract created: 0x5182d0239f4ce60497a87871621e8b17c514a305
  Gas usage: 1337513
  Block Number: 52
  Block Time: Tue May 19 2020 12:21:38 GMT+0200 (Central European Summer Time)

eth_getTransactionReceipt
eth_getCode
eth_sendTransaction

  Transaction: 0x2da3c09c08002a4b916692caf0c4171c6d8947c79a4f1b526f49639dfd31181a
  Gas usage: 137503
  Block Number: 53
  Block Time: Tue May 19 2020 12:21:38 GMT+0200 (Central European Summer Time)

eth_getTransactionReceipt
eth_sendTransaction

  Transaction: 0xbaad8c5daf6b9eecdba84a6aa839975efa080df5db8fa1dabfe05cf8a5047af3
  Contract created: 0x4c973a785d67e72945e2a021498d4f8a158c8591
  Gas usage: 714494
  Block Number: 54
  Block Time: Tue May 19 2020 12:21:38 GMT+0200 (Central European Summer Time)

eth_getTransactionReceipt
eth_getCode
eth_sendTransaction

  Transaction: 0xe1db07aecd9695e208a20bd6e324212d5cabc9ff17f97c10134f8187c4660a2e
  Gas usage: 115684
  Block Number: 55
  Block Time: Tue May 19 2020 12:21:38 GMT+0200 (Central European Summer Time)

eth_getTransactionReceipt
eth_sendTransaction

  Transaction: 0x321665ac657eeeec37a97347415a884569f65a57f1b733ff807470cd947b2cf5
  Contract created: 0xd4167f619419cfd4570a394fc94844d88b167488
  Gas usage: 1106789
  Block Number: 56
  Block Time: Tue May 19 2020 12:21:38 GMT+0200 (Central European Summer Time)

eth_getTransactionReceipt
eth_getCode
eth_sendTransaction

  Transaction: 0x170b6b28f1fadb95e6890aac8d3ffd2b8682069e2d90adf82feede46a8dc1807
  Gas usage: 115595
  Block Number: 57
  Block Time: Tue May 19 2020 12:21:38 GMT+0200 (Central European Summer Time)

eth_getTransactionReceipt
eth_sendTransaction

  Transaction: 0x68e2d0517544fefe8fa49ed9518e63bdf7c54d479cb9d51fa0b4cacf43cbb0e2
  Contract created: 0x40fa218196eae0592eccb4fa55e2fac8a400dfad
  Gas usage: 1094238
  Block Number: 58
  Block Time: Tue May 19 2020 12:21:38 GMT+0200 (Central European Summer Time)

eth_getTransactionReceipt
eth_getCode
eth_sendTransaction

  Transaction: 0x5dc1b09ae52923a66333586246b76473b24c7403903fc4478955a841516f0131
  Gas usage: 115684
  Block Number: 59
  Block Time: Tue May 19 2020 12:21:38 GMT+0200 (Central European Summer Time)

eth_getTransactionReceipt
eth_sendTransaction

  Transaction: 0xb0171fcfa6173945c35fce014f2d807635525533e06cca950b0042f0e5ef28c8
  Contract created: 0x88ac75193d32de6611166e5a69c5f94607e147cf
  Gas usage: 1159176
  Block Number: 60
  Block Time: Tue May 19 2020 12:21:39 GMT+0200 (Central European Summer Time)

eth_getTransactionReceipt
eth_getCode
eth_sendTransaction

  Transaction: 0xbf242b7329ccd8c0ee63ef00cfcad20871a00ed19d78fe1fdfeb84e5d56bee20
  Gas usage: 272626
  Block Number: 61
  Block Time: Tue May 19 2020 12:21:39 GMT+0200 (Central European Summer Time)

eth_getTransactionReceipt
net_version
net_version
net_version
net_version
net_version
net_version
net_version
net_version
net_version
net_version
net_version
net_version
net_version
net_version
net_version
net_version
net_version
net_version
net_version
net_version
net_version
net_version
eth_getCode
eth_getCode
net_version
net_version
eth_accounts
net_version
net_version
net_version
net_version
net_version
net_version
net_version
net_version
net_version
net_version
net_version
net_version
net_version
net_version
net_version
net_version
net_version
net_version
net_version
net_version
net_version
net_version
net_version
net_version
net_version
eth_accounts
net_version
net_version
net_version
net_version
net_version
net_version
net_version
net_version
net_version
net_version
net_version
net_version
net_version
net_version
net_version
net_version
net_version
net_version
net_version
net_version
net_version
net_version
net_version
net_version
net_version
eth_accounts
net_version
net_version
net_version
net_version
net_version
net_version
net_version
net_version
net_version
net_version
net_version
net_version
net_version
net_version
net_version
net_version
net_version
net_version
net_version
net_version
net_version
net_version
net_version
net_version
net_version
eth_accounts
net_version
net_version
net_version
net_version
net_version
net_version
net_version
net_version
net_version
net_version
net_version
net_version
net_version
net_version
net_version
net_version
net_version
net_version
net_version
net_version
net_version
net_version
net_version
net_version
net_version
eth_accounts
net_version
net_version
net_version
net_version
net_version
net_version
net_version
net_version
net_version
net_version
net_version
net_version
net_version
net_version
net_version
net_version
net_version
net_version
net_version
net_version
net_version
net_version
net_version
net_version
net_version
eth_accounts
net_version
net_version
net_version
net_version
net_version
net_version
net_version
net_version
net_version
net_version
net_version
net_version
net_version
net_version
net_version
net_version
net_version
net_version
net_version
net_version
net_version
net_version
net_version
net_version
net_version
eth_accounts
net_version
net_version
net_version
net_version
net_version
net_version
net_version
net_version
net_version
net_version
net_version
net_version
net_version
net_version
net_version
net_version
net_version
net_version
net_version
net_version
net_version
net_version
net_version
net_version
net_version
eth_accounts
net_version
net_version
net_version
net_version
net_version
net_version
net_version
net_version
net_version
net_version
net_version
net_version
net_version
net_version
net_version
net_version
net_version
net_version
net_version
net_version
net_version
net_version
net_version
net_version
net_version
eth_call
eth_call
eth_call
net_version
net_version
net_version
net_version
net_version
net_version
net_version
net_version
net_version
net_version
net_version
net_version
net_version
net_version
net_version
net_version
net_version
net_version
net_version
net_version
net_version
net_version
net_version
net_version
eth_accounts
net_version
eth_call
eth_call
eth_call
eth_call
eth_call
eth_call
eth_call
eth_accounts
net_version
net_version
net_version
net_version
net_version
net_version
net_version
net_version
net_version
net_version
net_version
net_version
net_version
net_version
net_version
net_version
net_version
net_version
net_version
net_version
net_version
net_version
net_version
net_version
net_version
eth_call
eth_call
eth_call
eth_accounts
net_version
net_version
net_version
net_version
net_version
net_version
net_version
net_version
net_version
net_version
net_version
net_version
net_version
net_version
net_version
net_version
net_version
net_version
net_version
net_version
net_version
net_version
net_version
net_version
net_version
eth_accounts
net_version
net_version
eth_accounts
net_version
net_version
net_version
net_version
net_version
net_version
net_version
net_version
net_version
net_version
net_version
net_version
net_version
net_version
net_version
net_version
net_version
net_version
net_version
net_version
net_version
net_version
net_version
net_version
net_version
eth_accounts
eth_blockNumber
eth_estimateGas
eth_estimateGas
eth_gasPrice
eth_gasPrice
eth_sendTransaction
eth_sendTransaction

  Transaction: 0x45280937d0f083ae5a9a1b732f095e23018b738bccc5c065b7c516579bd3582d
  Gas usage: 109588
  Block Number: 62
  Block Time: Tue May 19 2020 12:21:40 GMT+0200 (Central European Summer Time)

eth_getTransactionReceipt

  Transaction: 0x6dc96c2acca0e7def04ad8f7962d8f44c042897d51bc3883c368406d0f96316a
  Gas usage: 49588
  Block Number: 63
  Block Time: Tue May 19 2020 12:21:40 GMT+0200 (Central European Summer Time)

eth_getTransactionReceipt
eth_blockNumber
eth_getLogs
eth_blockNumber
eth_blockNumber
eth_blockNumber
eth_blockNumber
eth_blockNumber
eth_blockNumber
eth_blockNumber
eth_blockNumber
eth_blockNumber
eth_estimateGas
eth_estimateGas
eth_gasPrice
eth_gasPrice
eth_sendTransaction
eth_sendTransaction

  Transaction: 0xd6a9faa313038f119a1a067071f831f505a8b80c8f1102afea82a6386c288cef
  Gas usage: 49588
  Block Number: 64
  Block Time: Tue May 19 2020 12:21:42 GMT+0200 (Central European Summer Time)

eth_getTransactionReceipt
eth_blockNumber

  Transaction: 0x0198bff8e4cee549661aaa430f2f0b154f6c0953c2e696b0cc64d69976b59370
  Gas usage: 49588
  Block Number: 65
  Block Time: Tue May 19 2020 12:21:42 GMT+0200 (Central European Summer Time)

eth_getTransactionReceipt
eth_getLogs
eth_accounts
net_version
net_version
net_version
net_version
net_version
net_version
net_version
net_version
net_version
net_version
net_version
net_version
net_version
net_version
net_version
net_version
net_version
net_version
net_version
net_version
net_version
net_version
net_version
net_version
net_version
eth_accounts
eth_blockNumber
eth_estimateGas
eth_gasPrice
eth_sendTransaction

  Transaction: 0x7443cf440695d17649746108cb0072d9a04149dd3cc00946d5bd288e633c7a8a
  Gas usage: 49588
  Block Number: 66
  Block Time: Tue May 19 2020 12:21:42 GMT+0200 (Central European Summer Time)

eth_getTransactionReceipt
eth_blockNumber
eth_getLogs
eth_estimateGas
eth_gasPrice
eth_sendTransaction

  Transaction: 0xc9ee60259ee9e7a4958960c405388a51ef8ea2ee2072b46fcbf53978a2e1dc4e
  Gas usage: 49588
  Block Number: 67
  Block Time: Tue May 19 2020 12:21:44 GMT+0200 (Central European Summer Time)

eth_getTransactionReceipt
eth_accounts
net_version
net_version
net_version
net_version
net_version
net_version
net_version
net_version
net_version
net_version
net_version
net_version
net_version
net_version
net_version
net_version
net_version
net_version
net_version
net_version
net_version
net_version
net_version
net_version
net_version
eth_accounts
eth_blockNumber
eth_blockNumber
eth_estimateGas
eth_blockNumber
eth_gasPrice
eth_sendTransaction

  Transaction: 0xf94f99f45cd0ec1cfac8395b45d1cdbceee4daa3dcbd07cc4f921a529d7ca952
  Gas usage: 49588
  Block Number: 68
  Block Time: Tue May 19 2020 12:21:44 GMT+0200 (Central European Summer Time)

eth_getTransactionReceipt
eth_blockNumber
eth_getLogs
net_version
net_version
net_version
net_version
net_version
net_version
net_version
net_version
net_version
net_version
net_version
net_version
net_version
net_version
net_version
net_version
net_version
net_version
net_version
net_version
net_version
net_version
net_version
net_version
net_version
net_version
net_version
net_version
eth_accounts
net_version
net_version
net_version
net_version
net_version
net_version
net_version
net_version
net_version
net_version
net_version
net_version
net_version
net_version
net_version
net_version
net_version
net_version
net_version
net_version
net_version
net_version
net_version
net_version
net_version
eth_accounts
eth_estimateGas
eth_gasPrice
eth_sendTransaction

  Transaction: 0xb4ff7df92b6769399875ea8af2a378cdbd017143457adb112400a87a990cedbd
  Gas usage: 160812
  Block Number: 69
  Block Time: Tue May 19 2020 12:21:45 GMT+0200 (Central European Summer Time)

eth_getTransactionReceipt
eth_accounts
eth_estimateGas
eth_gasPrice
eth_sendTransaction

  Transaction: 0x4cec1e5c631e00dfe9bd335e5eec62b7d4f99a91651176fd388bd27a4f50229b
  Gas usage: 145812
  Block Number: 70
  Block Time: Tue May 19 2020 12:21:45 GMT+0200 (Central European Summer Time)

eth_getTransactionReceipt
eth_estimateGas
eth_gasPrice
eth_sendTransaction

  Transaction: 0x8ec8efedd7bb50fbc078fdcffdff1ecdd1f1483713cef771214d4f08dc4ff472
  Gas usage: 59596
  Block Number: 71
  Block Time: Tue May 19 2020 12:21:45 GMT+0200 (Central European Summer Time)

eth_getTransactionReceipt
eth_accounts
eth_estimateGas
eth_gasPrice
eth_sendTransaction

  Transaction: 0x9e1b36e220d9826ce441212ac1869b3611751ca3d30f4ebdf5f3bb614c423fc6
  Gas usage: 145812
  Block Number: 72
  Block Time: Tue May 19 2020 12:21:45 GMT+0200 (Central European Summer Time)

eth_getTransactionReceipt
eth_call
eth_call
eth_accounts
eth_estimateGas
eth_gasPrice
eth_sendTransaction

  Transaction: 0x30bfbc6ec226153822d992fec73aad809e907940767798c641326e44f1b8c780
  Gas usage: 145748
  Block Number: 73
  Block Time: Tue May 19 2020 12:21:45 GMT+0200 (Central European Summer Time)

eth_getTransactionReceipt
eth_accounts
eth_estimateGas
eth_gasPrice
eth_sendTransaction

  Transaction: 0xffd2e5685150d5a852345c988e546a342e3db11f28428831792920eae8388c5e
  Gas usage: 32698
  Block Number: 74
  Block Time: Tue May 19 2020 12:21:45 GMT+0200 (Central European Summer Time)

eth_getTransactionReceipt
eth_call
net_version
net_version
net_version
net_version
net_version
net_version
net_version
net_version
net_version
net_version
net_version
net_version
net_version
net_version
net_version
net_version
net_version
net_version
net_version
net_version
net_version
net_version
net_version
net_version
eth_blockNumber
eth_blockNumber
eth_blockNumber
eth_accounts
net_version
net_version
net_version
net_version
net_version
net_version
net_version
net_version
net_version
net_version
net_version
net_version
net_version
net_version
net_version
net_version
net_version
net_version
net_version
net_version
net_version
net_version
net_version
net_version
net_version
net_version
net_version
net_version
net_version
net_version
net_version
net_version
net_version
net_version
net_version
net_version
net_version
net_version
net_version
net_version
net_version
net_version
net_version
net_version
net_version
net_version
net_version
net_version
net_version
net_version
net_version
net_version
net_version
net_version
net_version
net_version
net_version
net_version
net_version
net_version
net_version
net_version
net_version
net_version
net_version
net_version
net_version
net_version
net_version
net_version
net_version
net_version
net_version
net_version
net_version
net_version
net_version
net_version
net_version
net_version
net_version
net_version
net_version
net_version
net_version
net_version
net_version
net_version
net_version
net_version
net_version
net_version
net_version
net_version
net_version
net_version
net_version
net_version
net_version
net_version
net_version
net_version
net_version
net_version
net_version
net_version
net_version
net_version
net_version
net_version
net_version
net_version
net_version
net_version
net_version
net_version
net_version
net_version
net_version
net_version
net_version
net_version
net_version
net_version
net_version
net_version
net_version
net_version
net_version
net_version
net_version
net_version
net_version
net_version
net_version
net_version
net_version
net_version
net_version
net_version
net_version
net_version
net_version
net_version
net_version
net_version
net_version
net_version
net_version
net_version
net_version
net_version
net_version
net_version
net_version
net_version
net_version
net_version
net_version
net_version
net_version
net_version
net_version
net_version
net_version
net_version
net_version
net_version
net_version
net_version
eth_accounts
net_version
net_version
net_version
net_version
net_version
net_version
net_version
net_version
net_version
net_version
net_version
net_version
net_version
net_version
net_version
net_version
net_version
net_version
net_version
net_version
net_version
net_version
net_version
net_version
net_version
eth_accounts
eth_call
eth_call
eth_call
eth_call
eth_estimateGas
eth_gasPrice
eth_sendTransaction

  Transaction: 0x3cbb57af738e5340e5dc3f406d8943927b660eb0d4e17f95b7554cbcc2f9a546
  Gas usage: 49588
  Block Number: 75
  Block Time: Tue May 19 2020 12:21:46 GMT+0200 (Central European Summer Time)

eth_getTransactionReceipt
eth_call
eth_call
eth_getBalance
eth_getBalance
eth_call
eth_call
eth_estimateGas
eth_gasPrice
eth_sendTransaction

  Transaction: 0x1399c1e677842716c45aba2f0d03c2e44e7c0547dbaf568534622cc224c59f19
  Gas usage: 49652
  Block Number: 76
  Block Time: Tue May 19 2020 12:21:46 GMT+0200 (Central European Summer Time)

eth_getTransactionReceipt
net_version
net_version
net_version
net_version
net_version
net_version
net_version
net_version
net_version
net_version
net_version
net_version
net_version
net_version
net_version
net_version
net_version
net_version
net_version
net_version
net_version
net_version
net_version
net_version
eth_accounts
eth_accounts
eth_accounts
net_version
net_version
net_version
net_version
net_version
net_version
net_version
net_version
net_version
net_version
net_version
net_version
net_version
net_version
net_version
net_version
net_version
net_version
net_version
net_version
net_version
net_version
net_version
net_version
net_version
net_version
net_version
net_version
net_version
net_version
net_version
net_version
net_version
net_version
net_version
net_version
net_version
net_version
net_version
net_version
net_version
net_version
net_version
net_version
net_version
net_version
net_version
net_version
eth_accounts
personal_sign
eth_sign
personal_sign
eth_sign
eth_accounts
net_version
net_version
net_version
net_version
net_version
net_version
net_version
net_version
net_version
net_version
net_version
net_version
net_version
net_version
net_version
net_version
net_version
net_version
net_version
net_version
net_version
net_version
net_version
net_version
net_version
net_version
net_version
net_version
net_version
net_version
net_version
net_version
net_version
net_version
net_version
net_version
net_version
net_version
net_version
net_version
net_version
net_version
net_version
net_version
net_version
net_version
net_version
net_version
net_version
eth_accounts
eth_getBalance
eth_call
eth_call
net_version
net_version
net_version
net_version
net_version
net_version
net_version
net_version
net_version
net_version
net_version
net_version
net_version
net_version
net_version
net_version
net_version
net_version
net_version
net_version
net_version
net_version
net_version
net_version
eth_accounts
personal_sign
eth_sign
net_version
net_version
net_version
net_version
net_version
net_version
net_version
net_version
net_version
net_version
net_version
net_version
net_version
net_version
net_version
net_version
net_version
net_version
net_version
net_version
net_version
net_version
net_version
net_version
eth_accounts
net_version
eth_sendTransaction

  Transaction: 0xc6ef9891016f72babfa96b746cd8a353a20ac9556ec78fd660b0930c0e1247e4
  Contract created: 0x04b60b29a15ce8109eb296f7c11dba9ec07e44c8
  Gas usage: 181336
  Block Number: 77
  Block Time: Tue May 19 2020 12:33:34 GMT+0200 (Central European Summer Time)

eth_getTransactionReceipt
eth_getCode
eth_sendTransaction

  Transaction: 0xac18631378177bc9df72aa4260c0504a6b7323ab37aede83556f63c7035b4f36
  Contract created: 0x4e9fb38afc017c976134930cf3e7c1a61ce68b67
  Gas usage: 263935
  Block Number: 78
  Block Time: Tue May 19 2020 12:33:34 GMT+0200 (Central European Summer Time)

eth_getTransactionReceipt
eth_getCode
eth_sendTransaction

  Transaction: 0xc3e0eebb77ad2f036b3388d5734aa9580d68676769837d2950ecebb7c82d2a96
  Contract created: 0x791e3a919159e0e4a2cfe4cb67f73c8efebb0a21
  Gas usage: 1389777
  Block Number: 79
  Block Time: Tue May 19 2020 12:33:34 GMT+0200 (Central European Summer Time)

eth_getTransactionReceipt
eth_getCode
eth_sendTransaction

  Transaction: 0xb95db3c0d4ab37a40b04ab0fce5de7ec6062237e358ab8fb3c888b83928f951d
  Gas usage: 94898
  Block Number: 80
  Block Time: Tue May 19 2020 12:33:34 GMT+0200 (Central European Summer Time)

eth_getTransactionReceipt
eth_sendTransaction

  Transaction: 0x922559041ce24062d40041f2bafb5b48a27e8e3e2b216a2d04a0f2cbc9b78c18
  Contract created: 0x43316b8664a941feaa2738cc0ddad474ade4aa2e
  Gas usage: 694994
  Block Number: 81
  Block Time: Tue May 19 2020 12:33:34 GMT+0200 (Central European Summer Time)

eth_getTransactionReceipt
eth_getCode
eth_sendTransaction

  Transaction: 0xea650fd28684f138a3b0d852431ae2a7b479da1f85c4116cd349b0d3d58683ac
  Gas usage: 166661
  Block Number: 82
  Block Time: Tue May 19 2020 12:33:34 GMT+0200 (Central European Summer Time)

eth_getTransactionReceipt
eth_gasPrice
eth_sendTransaction

  Transaction: 0x8ac39687ed0ef839f34d9644db1b44e42873da2ee259a53be06b9c4905640784
  Gas usage: 45376
  Block Number: 83
  Block Time: Tue May 19 2020 12:33:34 GMT+0200 (Central European Summer Time)

eth_getTransactionReceipt
eth_sendTransaction

  Transaction: 0x687f6c172f22cede68594f1e33c585ea35bf6ffe43e812fe18573d309e07fabc
  Contract created: 0x9e77060d822696883cf047fa9c83495b1a85b169
  Gas usage: 1496299
  Block Number: 84
  Block Time: Tue May 19 2020 12:33:34 GMT+0200 (Central European Summer Time)

eth_getTransactionReceipt
eth_getCode
eth_sendTransaction

  Transaction: 0xfe58cd5401f748f25d06a7acde2444994914c1fc02119b1abd8dd65f5260a749
  Gas usage: 72262
  Block Number: 85
  Block Time: Tue May 19 2020 12:33:34 GMT+0200 (Central European Summer Time)

eth_getTransactionReceipt
eth_sendTransaction

  Transaction: 0xd59e19d81a23c4e766dece392c185f0b03c285dd4c01c57f008adf31174b2fbb
  Contract created: 0x8df397183e22be2198fbcd63e3cdd50f1bb263f3
  Gas usage: 734745
  Block Number: 86
  Block Time: Tue May 19 2020 12:33:34 GMT+0200 (Central European Summer Time)

eth_getTransactionReceipt
eth_getCode
eth_sendTransaction

  Transaction: 0x658d2b2d2806c4b2c2daf7b018c556a807acffe58edc27d885b99dd59067d89f
  Gas usage: 72253
  Block Number: 87
  Block Time: Tue May 19 2020 12:33:34 GMT+0200 (Central European Summer Time)

eth_getTransactionReceipt
eth_sendTransaction

  Transaction: 0x9e3cfbbeb213444aeb9b84b9b7d750b7e617295b23da536e16e81aad69273d6d
  Contract created: 0x69afb555579938f3c7096b4a99d99d4dae6d2a54
  Gas usage: 1260002
  Block Number: 88
  Block Time: Tue May 19 2020 12:33:34 GMT+0200 (Central European Summer Time)

eth_getTransactionReceipt
eth_getCode
eth_sendTransaction

  Transaction: 0xabf2fbd2eb4485a7097d6ab10da7b92c37a9eda08908f7c54c3432f38e708d68
  Gas usage: 92812
  Block Number: 89
  Block Time: Tue May 19 2020 12:33:34 GMT+0200 (Central European Summer Time)

eth_getTransactionReceipt
eth_sendTransaction

  Transaction: 0xb58cd13c0fcd5deea475fd10cfa00423847f5f038e2b85b8cf910d19ef21d963
  Contract created: 0xff70f4942f40239e7ef4e86dc5d8a67fe1b06998
  Gas usage: 1337513
  Block Number: 90
  Block Time: Tue May 19 2020 12:33:34 GMT+0200 (Central European Summer Time)

eth_getTransactionReceipt
eth_getCode
eth_sendTransaction

  Transaction: 0xbe35787d35478caab9480d270f17af8ad947fb41167ad828697e086d9794c17b
  Gas usage: 137503
  Block Number: 91
  Block Time: Tue May 19 2020 12:33:34 GMT+0200 (Central European Summer Time)

eth_getTransactionReceipt
eth_sendTransaction

  Transaction: 0x54daf1de35f9ce6724ee571e339f72514c3ae25d56359e8dd59a2a96c9c1e3c8
  Contract created: 0x948d060c1e7ca3e19c547d9c93323b1fc59a25fc
  Gas usage: 714494
  Block Number: 92
  Block Time: Tue May 19 2020 12:33:34 GMT+0200 (Central European Summer Time)

eth_getTransactionReceipt
eth_getCode
eth_sendTransaction

  Transaction: 0x0f1f91ec3764e89f6637ff7e3745dad4857bd73584bff14c84ad3373f5f264a4
  Gas usage: 115684
  Block Number: 93
  Block Time: Tue May 19 2020 12:33:34 GMT+0200 (Central European Summer Time)

eth_getTransactionReceipt
eth_sendTransaction

  Transaction: 0x5257c127cf592f5ac87e16e520a8ec7874f857fb008758fa8f16aa63257c01c5
  Contract created: 0x5b2818efd35cab097cb6c13f9837abfc44bfb6d5
  Gas usage: 1106789
  Block Number: 94
  Block Time: Tue May 19 2020 12:33:34 GMT+0200 (Central European Summer Time)

eth_getTransactionReceipt
eth_getCode
eth_sendTransaction

  Transaction: 0xce4034e643aacf2f6a66508387bd978527848c459815214ec36c5561c2553fc4
  Gas usage: 115595
  Block Number: 95
  Block Time: Tue May 19 2020 12:33:34 GMT+0200 (Central European Summer Time)

eth_getTransactionReceipt
eth_sendTransaction

  Transaction: 0xacf05c19d04f615afa579726b7b0f1cfe8b6ee9a397b35a5cedb4cd11dffba10
  Contract created: 0x12a91321d0b1fc6fe2aa23c390f819cc6b251451
  Gas usage: 1094238
  Block Number: 96
  Block Time: Tue May 19 2020 12:33:34 GMT+0200 (Central European Summer Time)

eth_getTransactionReceipt
eth_getCode
eth_sendTransaction

  Transaction: 0xdc3282519ca797dba7cc3dc2048b2843edd3ce11832e97c449cc6c0f6583ae27
  Gas usage: 115684
  Block Number: 97
  Block Time: Tue May 19 2020 12:33:34 GMT+0200 (Central European Summer Time)

eth_getTransactionReceipt
eth_sendTransaction

  Transaction: 0xc8282f49ba9c9f3f3f864cb8e5b264128a36258b7408a2163f24366bcf4be709
  Contract created: 0x4579ded2a23853cf84281258eea39c2c6bf648b3
  Gas usage: 1159176
  Block Number: 98
  Block Time: Tue May 19 2020 12:33:34 GMT+0200 (Central European Summer Time)

eth_getTransactionReceipt
eth_getCode
eth_sendTransaction

  Transaction: 0x15c9415fe8b7a91cfab02a903da1d549c64c5ae0976d17b414c07fdcc54f3cc6
  Gas usage: 272690
  Block Number: 99
  Block Time: Tue May 19 2020 12:33:34 GMT+0200 (Central European Summer Time)

eth_getTransactionReceipt
net_version
net_version
net_version
net_version
net_version
net_version
net_version
net_version
net_version
net_version
net_version
net_version
net_version
net_version
net_version
net_version
net_version
net_version
net_version
net_version
net_version
net_version
eth_getCode
eth_getCode
net_version
net_version
eth_accounts
net_version
net_version
net_version
net_version
net_version
net_version
net_version
net_version
net_version
net_version
net_version
net_version
net_version
net_version
net_version
net_version
net_version
net_version
net_version
net_version
net_version
net_version
net_version
net_version
net_version
eth_accounts
net_version
net_version
net_version
net_version
net_version
net_version
net_version
net_version
net_version
net_version
net_version
net_version
net_version
net_version
net_version
net_version
net_version
net_version
net_version
net_version
net_version
net_version
net_version
net_version
net_version
eth_accounts
net_version
net_version
net_version
net_version
net_version
net_version
net_version
net_version
net_version
net_version
net_version
net_version
net_version
net_version
net_version
net_version
net_version
net_version
net_version
net_version
net_version
net_version
net_version
net_version
net_version
eth_accounts
net_version
net_version
net_version
net_version
net_version
net_version
net_version
net_version
net_version
net_version
net_version
net_version
net_version
net_version
net_version
net_version
net_version
net_version
net_version
net_version
net_version
net_version
net_version
net_version
net_version
eth_accounts
net_version
net_version
net_version
net_version
net_version
net_version
net_version
net_version
net_version
net_version
net_version
net_version
net_version
net_version
net_version
net_version
net_version
net_version
net_version
net_version
net_version
net_version
net_version
net_version
net_version
eth_accounts
net_version
net_version
net_version
net_version
net_version
net_version
net_version
net_version
net_version
net_version
net_version
net_version
net_version
net_version
net_version
net_version
net_version
net_version
net_version
net_version
net_version
net_version
net_version
net_version
net_version
eth_accounts
net_version
net_version
net_version
net_version
net_version
net_version
net_version
net_version
net_version
net_version
net_version
net_version
net_version
net_version
net_version
net_version
net_version
net_version
net_version
net_version
net_version
net_version
net_version
net_version
net_version
eth_accounts
net_version
net_version
net_version
net_version
net_version
net_version
net_version
net_version
net_version
net_version
net_version
net_version
net_version
net_version
net_version
net_version
net_version
net_version
net_version
net_version
net_version
net_version
net_version
net_version
net_version
eth_call
eth_call
eth_call
net_version
net_version
net_version
net_version
net_version
net_version
net_version
net_version
net_version
net_version
net_version
net_version
net_version
net_version
net_version
net_version
net_version
net_version
net_version
net_version
net_version
net_version
net_version
net_version
eth_accounts
net_version
eth_call
eth_call
eth_call
eth_call
eth_call
eth_call
eth_call
eth_accounts
net_version
net_version
net_version
net_version
net_version
net_version
net_version
net_version
net_version
net_version
net_version
net_version
net_version
net_version
net_version
net_version
net_version
net_version
net_version
net_version
net_version
net_version
net_version
net_version
net_version
eth_call
eth_call
eth_call
eth_accounts
net_version
net_version
net_version
net_version
net_version
net_version
net_version
net_version
net_version
net_version
net_version
net_version
net_version
net_version
net_version
net_version
net_version
net_version
net_version
net_version
net_version
net_version
net_version
net_version
net_version
eth_accounts
net_version
net_version
eth_accounts
net_version
net_version
net_version
net_version
net_version
net_version
net_version
net_version
net_version
net_version
net_version
net_version
net_version
net_version
net_version
net_version
net_version
net_version
net_version
net_version
net_version
net_version
net_version
net_version
net_version
eth_accounts
eth_blockNumber
eth_estimateGas
eth_estimateGas
eth_gasPrice
eth_gasPrice
eth_sendTransaction
eth_sendTransaction

  Transaction: 0x389ffa17048b050082d4672ab6a8fe42ef25aafdff9c0f248427dd9632a3dfe5
  Gas usage: 109588
  Block Number: 100
  Block Time: Tue May 19 2020 12:33:35 GMT+0200 (Central European Summer Time)

eth_getTransactionReceipt

  Transaction: 0xfd2f85e5c18465bfcd5e99bf0b2de6417eae667ba34c6aa7a82c7c01457a7d6b
  Gas usage: 49588
  Block Number: 101
  Block Time: Tue May 19 2020 12:33:35 GMT+0200 (Central European Summer Time)

eth_getTransactionReceipt
eth_blockNumber
eth_getLogs
eth_blockNumber
eth_blockNumber
eth_blockNumber
eth_blockNumber
eth_blockNumber
eth_blockNumber
eth_blockNumber
eth_blockNumber
eth_blockNumber
eth_estimateGas
eth_estimateGas
eth_gasPrice
eth_gasPrice
eth_sendTransaction
eth_sendTransaction

  Transaction: 0x39db01b1cd17e87b76c78111251c048d165c7e178a4eb7c3271bbd63af84b796
  Gas usage: 49588
  Block Number: 102
  Block Time: Tue May 19 2020 12:33:37 GMT+0200 (Central European Summer Time)

eth_getTransactionReceipt

  Transaction: 0x472d182962220a8725183a13e894c36e02a746896b3315f2a58e2339f345895d
  Gas usage: 49588
  Block Number: 103
  Block Time: Tue May 19 2020 12:33:37 GMT+0200 (Central European Summer Time)

eth_getTransactionReceipt
eth_blockNumber
eth_getLogs
eth_accounts
net_version
net_version
net_version
net_version
net_version
net_version
net_version
net_version
net_version
net_version
net_version
net_version
net_version
net_version
net_version
net_version
net_version
net_version
net_version
net_version
net_version
net_version
net_version
net_version
net_version
eth_accounts
eth_blockNumber
eth_estimateGas
eth_gasPrice
eth_sendTransaction

  Transaction: 0x258b436d9782ec54b13cba3c235fc8e47e336db673a06cce88950c925a5f518a
  Gas usage: 49588
  Block Number: 104
  Block Time: Tue May 19 2020 12:33:38 GMT+0200 (Central European Summer Time)

eth_getTransactionReceipt
eth_blockNumber
eth_getLogs
eth_estimateGas
eth_gasPrice
eth_sendTransaction

  Transaction: 0x8aca8c0c1b3410b9f3c234b3b2cd80cb07b6fd9b182b9df3a78347bb9fc5e855
  Gas usage: 49588
  Block Number: 105
  Block Time: Tue May 19 2020 12:33:40 GMT+0200 (Central European Summer Time)

eth_getTransactionReceipt
eth_accounts
net_version
net_version
net_version
net_version
net_version
net_version
net_version
net_version
net_version
net_version
net_version
net_version
net_version
net_version
net_version
net_version
net_version
net_version
net_version
net_version
net_version
net_version
net_version
net_version
net_version
eth_accounts
eth_blockNumber
eth_blockNumber
eth_estimateGas
eth_blockNumber
eth_gasPrice
eth_sendTransaction

  Transaction: 0x6525a5c3609b84e4a93c23004a32d040fedf186d08b112c8762276d6ab46cba3
  Gas usage: 49588
  Block Number: 106
  Block Time: Tue May 19 2020 12:33:40 GMT+0200 (Central European Summer Time)

eth_getTransactionReceipt
eth_blockNumber
eth_getLogs
net_version
net_version
net_version
net_version
net_version
net_version
net_version
net_version
net_version
net_version
net_version
net_version
net_version
net_version
net_version
net_version
net_version
net_version
net_version
net_version
net_version
net_version
net_version
net_version
net_version
net_version
net_version
net_version
eth_accounts
net_version
net_version
net_version
net_version
net_version
net_version
net_version
net_version
net_version
net_version
net_version
net_version
net_version
net_version
net_version
net_version
net_version
net_version
net_version
net_version
net_version
net_version
net_version
net_version
net_version
eth_accounts
eth_estimateGas
eth_gasPrice
eth_sendTransaction

  Transaction: 0xcb5689506b4e3dc7bd774ea02fb0373d6030c83e421660f10150d251b62d41f3
  Gas usage: 160812
  Block Number: 107
  Block Time: Tue May 19 2020 12:33:41 GMT+0200 (Central European Summer Time)

eth_getTransactionReceipt
eth_accounts
eth_estimateGas
eth_gasPrice
eth_sendTransaction

  Transaction: 0x111275950279bcadd870e6bc9996f837206ccaca7d7134e8a30e95988ce54d99
  Gas usage: 145812
  Block Number: 108
  Block Time: Tue May 19 2020 12:33:41 GMT+0200 (Central European Summer Time)

eth_getTransactionReceipt
eth_estimateGas
eth_gasPrice
eth_sendTransaction

  Transaction: 0xcb284c32426b342ec73fea1210daa4ea38524f1c05cf63434202a5160e066932
  Gas usage: 59596
  Block Number: 109
  Block Time: Tue May 19 2020 12:33:41 GMT+0200 (Central European Summer Time)

eth_getTransactionReceipt
eth_accounts
eth_estimateGas
eth_gasPrice
eth_sendTransaction

  Transaction: 0xcfbe3cc7f866f9b989c1323b9a308a08d3f126329a2214fde5d82e8f2ff0c77f
  Gas usage: 145812
  Block Number: 110
  Block Time: Tue May 19 2020 12:33:41 GMT+0200 (Central European Summer Time)

eth_getTransactionReceipt
eth_call
eth_call
eth_accounts
eth_estimateGas
eth_gasPrice
eth_sendTransaction

  Transaction: 0x554123cc905c1bc223fc4630cd8373c16f6f224aea1532a7046ea2c1cb548cdd
  Gas usage: 145812
  Block Number: 111
  Block Time: Tue May 19 2020 12:33:41 GMT+0200 (Central European Summer Time)

eth_getTransactionReceipt
eth_accounts
eth_estimateGas
eth_gasPrice
eth_sendTransaction

  Transaction: 0x6ceb0d4054f4bf86a4f608b4a1ef566126cc4d0034345eea9ec4eb6b8f62e805
  Gas usage: 32762
  Block Number: 112
  Block Time: Tue May 19 2020 12:33:41 GMT+0200 (Central European Summer Time)

eth_getTransactionReceipt
eth_call
net_version
net_version
net_version
net_version
net_version
net_version
net_version
net_version
net_version
net_version
net_version
net_version
net_version
net_version
net_version
net_version
net_version
net_version
net_version
net_version
net_version
net_version
net_version
net_version
eth_blockNumber
eth_blockNumber
eth_blockNumber
eth_accounts
net_version
net_version
net_version
net_version
net_version
net_version
net_version
net_version
net_version
net_version
net_version
net_version
net_version
net_version
net_version
net_version
net_version
net_version
net_version
net_version
net_version
net_version
net_version
net_version
net_version
net_version
net_version
net_version
net_version
net_version
net_version
net_version
net_version
net_version
net_version
net_version
net_version
net_version
net_version
net_version
net_version
net_version
net_version
net_version
net_version
net_version
net_version
net_version
net_version
net_version
net_version
net_version
net_version
net_version
net_version
net_version
net_version
net_version
net_version
net_version
net_version
net_version
net_version
net_version
net_version
net_version
net_version
net_version
net_version
net_version
net_version
net_version
net_version
net_version
net_version
net_version
net_version
net_version
net_version
net_version
net_version
net_version
net_version
net_version
net_version
net_version
net_version
net_version
net_version
net_version
net_version
net_version
net_version
net_version
net_version
net_version
net_version
net_version
net_version
net_version
net_version
net_version
net_version
net_version
net_version
net_version
net_version
net_version
net_version
net_version
net_version
net_version
net_version
net_version
net_version
net_version
net_version
net_version
net_version
net_version
net_version
net_version
net_version
net_version
net_version
net_version
net_version
net_version
net_version
net_version
net_version
net_version
net_version
net_version
net_version
net_version
net_version
net_version
net_version
net_version
net_version
net_version
net_version
net_version
net_version
net_version
net_version
net_version
net_version
net_version
net_version
net_version
net_version
net_version
net_version
net_version
net_version
net_version
net_version
net_version
net_version
net_version
net_version
net_version
net_version
net_version
net_version
net_version
net_version
net_version
eth_accounts
net_version
net_version
net_version
net_version
net_version
net_version
net_version
net_version
net_version
net_version
net_version
net_version
net_version
net_version
net_version
net_version
net_version
net_version
net_version
net_version
net_version
net_version
net_version
net_version
net_version
eth_accounts
eth_call
eth_call
eth_call
eth_call
eth_estimateGas
eth_gasPrice
eth_sendTransaction

  Transaction: 0x2719ee4dfeca70cc7bc7c9e57d64d4916c6eaeed92be344a24a4f34be9dc13a0
  Gas usage: 49588
  Block Number: 113
  Block Time: Tue May 19 2020 12:33:42 GMT+0200 (Central European Summer Time)

eth_getTransactionReceipt
eth_call
eth_call
eth_getBalance
eth_getBalance
eth_call
eth_call
eth_estimateGas
eth_gasPrice
eth_sendTransaction

  Transaction: 0xe5267a4cb23ef442664961580c859e566cace07b77edb5e0c5235370e58d56ce
  Gas usage: 49652
  Block Number: 114
  Block Time: Tue May 19 2020 12:33:42 GMT+0200 (Central European Summer Time)

eth_getTransactionReceipt
net_version
net_version
net_version
net_version
net_version
net_version
net_version
net_version
net_version
net_version
net_version
net_version
net_version
net_version
net_version
net_version
net_version
net_version
net_version
net_version
net_version
net_version
net_version
net_version
eth_accounts
eth_accounts
eth_accounts
net_version
net_version
net_version
net_version
net_version
net_version
net_version
net_version
net_version
net_version
net_version
net_version
net_version
net_version
net_version
net_version
net_version
net_version
net_version
net_version
net_version
net_version
net_version
net_version
net_version
net_version
net_version
net_version
net_version
net_version
net_version
net_version
net_version
net_version
net_version
net_version
net_version
net_version
net_version
net_version
net_version
net_version
net_version
net_version
net_version
net_version
net_version
net_version
eth_accounts
personal_sign
eth_sign
personal_sign
eth_sign
eth_accounts
net_version
net_version
net_version
net_version
net_version
net_version
net_version
net_version
net_version
net_version
net_version
net_version
net_version
net_version
net_version
net_version
net_version
net_version
net_version
net_version
net_version
net_version
net_version
net_version
net_version
net_version
net_version
net_version
net_version
net_version
net_version
net_version
net_version
net_version
net_version
net_version
net_version
net_version
net_version
net_version
net_version
net_version
net_version
net_version
net_version
net_version
net_version
net_version
net_version
eth_accounts
eth_getBalance
eth_call
eth_call
net_version
net_version
net_version
net_version
net_version
net_version
net_version
net_version
net_version
net_version
net_version
net_version
net_version
net_version
net_version
net_version
net_version
net_version
net_version
net_version
net_version
net_version
net_version
net_version
eth_accounts
personal_sign
eth_sign
net_version
net_version
net_version
net_version
net_version
net_version
net_version
net_version
net_version
net_version
net_version
net_version
net_version
net_version
net_version
net_version
net_version
net_version
net_version
net_version
net_version
net_version
net_version
net_version
eth_accounts
net_version
eth_sendTransaction

  Transaction: 0x07958fb379af4f401a5b0f876102c44f9501dbb8a0c84a8004d9c76e36c48fd9
  Contract created: 0x82cca136a3c2dfec25f54cfef4efed47d8f6b806
  Gas usage: 181336
  Block Number: 115
  Block Time: Tue May 19 2020 15:05:39 GMT+0200 (Central European Summer Time)

eth_getTransactionReceipt
eth_getCode
eth_sendTransaction

  Transaction: 0x0ace322f3896eb13b534e9bc75033f45e655ad3422d82958cb90571469075d02
  Contract created: 0x62b4cf3e48893497c411130bdd5b99305e24c2ea
  Gas usage: 263935
  Block Number: 116
  Block Time: Tue May 19 2020 15:05:39 GMT+0200 (Central European Summer Time)

eth_getTransactionReceipt
eth_getCode
eth_sendTransaction

  Transaction: 0xfd5272b5e712699eba786323f5793f2fa3cf56f1e2aa04409d4f72c887d4c451
  Contract created: 0x1beaa2f1107bf37daaf97f5bea5be762576ff2e0
  Gas usage: 1389777
  Block Number: 117
  Block Time: Tue May 19 2020 15:05:39 GMT+0200 (Central European Summer Time)

eth_getTransactionReceipt
eth_getCode
eth_sendTransaction

  Transaction: 0xe1bb1b68c81822aadcb821d24d99df9673b60d927c9cfb0dfb4e9b0844a61c7b
  Gas usage: 94898
  Block Number: 118
  Block Time: Tue May 19 2020 15:05:39 GMT+0200 (Central European Summer Time)

eth_getTransactionReceipt
eth_sendTransaction

  Transaction: 0xcd6318e353adb79c85d5e22e05a0852a43959dd9dce5f51ee8e906c5833a938d
  Contract created: 0x333f732bf45b9a90b165102ef60892cfd50bb2bb
  Gas usage: 694994
  Block Number: 119
  Block Time: Tue May 19 2020 15:05:39 GMT+0200 (Central European Summer Time)

eth_getTransactionReceipt
eth_getCode
eth_sendTransaction

  Transaction: 0x2356e583e74a5eee30f7a67ff3230bb9a13232a86ff6bea60ea75b385e7a5d69
  Gas usage: 166661
  Block Number: 120
  Block Time: Tue May 19 2020 15:05:39 GMT+0200 (Central European Summer Time)

eth_getTransactionReceipt
eth_gasPrice
eth_sendTransaction

  Transaction: 0x67f4215296fbad0a5b12ef8d1acd96caa9f06bad24b4a74769250259f4f2c4da
  Gas usage: 45376
  Block Number: 121
  Block Time: Tue May 19 2020 15:05:39 GMT+0200 (Central European Summer Time)

eth_getTransactionReceipt
eth_sendTransaction

  Transaction: 0x5479f4f125c286ab52da895ecb041a130e4f22b32da66f02c5f17996ca98cf02
  Contract created: 0x33c573fafe41d678104d89a04468e52adc455a6c
  Gas usage: 1496299
  Block Number: 122
  Block Time: Tue May 19 2020 15:05:39 GMT+0200 (Central European Summer Time)

eth_getTransactionReceipt
eth_getCode
eth_sendTransaction

  Transaction: 0xc549a334e5e83f7bbaff9b430d27c2b3c3e1b64e8a943c4856b7f7a44dcde022
  Gas usage: 72262
  Block Number: 123
  Block Time: Tue May 19 2020 15:05:39 GMT+0200 (Central European Summer Time)

eth_getTransactionReceipt
eth_sendTransaction

  Transaction: 0xa3dc1d8bda38a9582c872a93cbf2980984364baa2332f71874538b16e20be994
  Contract created: 0x6cf0641fe1477a90276e64728168b8ebf53ef9d3
  Gas usage: 734745
  Block Number: 124
  Block Time: Tue May 19 2020 15:05:39 GMT+0200 (Central European Summer Time)

eth_getTransactionReceipt
eth_getCode
eth_sendTransaction

  Transaction: 0xd199359ad8d6fb8abd8fd32686880e8cc19b3ae6e20095a91be590379ce7f1f9
  Gas usage: 72253
  Block Number: 125
  Block Time: Tue May 19 2020 15:05:39 GMT+0200 (Central European Summer Time)

eth_getTransactionReceipt
eth_sendTransaction

  Transaction: 0xff3a111ac73f483363e13069cfc0b037e55a8a24c2bebe164a436a7bc2b1811c
  Contract created: 0x40a06afbeef29670dc38176664fcd2093b336d8f
  Gas usage: 1260002
  Block Number: 126
  Block Time: Tue May 19 2020 15:05:39 GMT+0200 (Central European Summer Time)

eth_getTransactionReceipt
eth_getCode
eth_sendTransaction

  Transaction: 0x76cb2a0a5cbcee587105c47333d3614e056c49393e8276c05c801483a82f47ae
  Gas usage: 92812
  Block Number: 127
  Block Time: Tue May 19 2020 15:05:39 GMT+0200 (Central European Summer Time)

eth_getTransactionReceipt
eth_sendTransaction

  Transaction: 0x3d6ccbbe7fe080e34527b9bba65574796a9fce1b3b774a29f8c419ced3b4f9db
  Contract created: 0xa4ef6131c6720921fe981281b99654c5196b9bdc
  Gas usage: 1337513
  Block Number: 128
  Block Time: Tue May 19 2020 15:05:39 GMT+0200 (Central European Summer Time)

eth_getTransactionReceipt
eth_getCode
eth_sendTransaction

  Transaction: 0x7f75cfcb0380b3d3cf9243a307594d6ece29cf0a61475c30cf9040382503aa5a
  Gas usage: 137503
  Block Number: 129
  Block Time: Tue May 19 2020 15:05:39 GMT+0200 (Central European Summer Time)

eth_getTransactionReceipt
eth_sendTransaction

  Transaction: 0xbc50a07ae47d334fb1be43874748768ed06e782afe3a6f1864fb93f9ba6b665d
  Contract created: 0x5ac3094bb06fad00bc3f4bceb3dd992dbbdb1331
  Gas usage: 714494
  Block Number: 130
  Block Time: Tue May 19 2020 15:05:39 GMT+0200 (Central European Summer Time)

eth_getTransactionReceipt
eth_getCode
eth_sendTransaction

  Transaction: 0x8046f4b1f2c967ef7daae0c586c146282ca03c35c6031dfc1308b977ea7c17f2
  Gas usage: 115684
  Block Number: 131
  Block Time: Tue May 19 2020 15:05:39 GMT+0200 (Central European Summer Time)

eth_getTransactionReceipt
eth_sendTransaction

  Transaction: 0xa265ff631f8b9a3635bdeaa11845aee9ccaf02fa80aea167335f1b8ea56a859a
  Contract created: 0x81c374ef3794d172b04c674dcff10c15e6d7a6ca
  Gas usage: 1106789
  Block Number: 132
  Block Time: Tue May 19 2020 15:05:39 GMT+0200 (Central European Summer Time)

eth_getTransactionReceipt
eth_getCode
eth_sendTransaction

  Transaction: 0xc1155555cd10e35892dcaae74a014e5c14609455cefbb3728c98ec8998d4fc83
  Gas usage: 115595
  Block Number: 133
  Block Time: Tue May 19 2020 15:05:39 GMT+0200 (Central European Summer Time)

eth_getTransactionReceipt
eth_sendTransaction

  Transaction: 0x2c5c9e7a0ab1468c2f1206074b9d601bedffa327d73555e81f249931d7dd8a5d
  Contract created: 0xfa30a071c6ae9b5c0bcff133d5e5dffffa57c0c6
  Gas usage: 1094238
  Block Number: 134
  Block Time: Tue May 19 2020 15:05:39 GMT+0200 (Central European Summer Time)

eth_getTransactionReceipt
eth_getCode
eth_sendTransaction

  Transaction: 0x8b6c86fc773ba7dcfe0cef0fe8fb322e11e13f091cab9cbfea6a5c496423b102
  Gas usage: 115684
  Block Number: 135
  Block Time: Tue May 19 2020 15:05:40 GMT+0200 (Central European Summer Time)

eth_getTransactionReceipt
eth_sendTransaction

  Transaction: 0x8a39018c05a8ec7684945c84b7954cffc77cb93b49557ff0f7a27f29b719dd1f
  Contract created: 0xffa0884b27c05744512d7dbf687b656070f3d89a
  Gas usage: 1159176
  Block Number: 136
  Block Time: Tue May 19 2020 15:05:40 GMT+0200 (Central European Summer Time)

eth_getTransactionReceipt
eth_getCode
eth_sendTransaction

  Transaction: 0x45cb43c5f11ab2c14704a66e460d5ba6e17ac4129665ec280da4e4de2c5f18a0
  Gas usage: 272626
  Block Number: 137
  Block Time: Tue May 19 2020 15:05:40 GMT+0200 (Central European Summer Time)

eth_getTransactionReceipt
net_version
net_version
net_version
net_version
net_version
net_version
net_version
net_version
net_version
net_version
net_version
net_version
net_version
net_version
net_version
net_version
net_version
net_version
net_version
net_version
net_version
net_version
eth_getCode
eth_getCode
net_version
net_version
eth_accounts
net_version
net_version
net_version
net_version
net_version
net_version
net_version
net_version
net_version
net_version
net_version
net_version
net_version
net_version
net_version
net_version
net_version
net_version
net_version
net_version
net_version
net_version
net_version
net_version
net_version
eth_accounts
net_version
net_version
net_version
net_version
net_version
net_version
net_version
net_version
net_version
net_version
net_version
net_version
net_version
net_version
net_version
net_version
net_version
net_version
net_version
net_version
net_version
net_version
net_version
net_version
net_version
eth_accounts
net_version
net_version
net_version
net_version
net_version
net_version
net_version
net_version
net_version
net_version
net_version
net_version
net_version
net_version
net_version
net_version
net_version
net_version
net_version
net_version
net_version
net_version
net_version
net_version
net_version
eth_accounts
net_version
net_version
net_version
net_version
net_version
net_version
net_version
net_version
net_version
net_version
net_version
net_version
net_version
net_version
net_version
net_version
net_version
net_version
net_version
net_version
net_version
net_version
net_version
net_version
net_version
eth_accounts
net_version
net_version
net_version
net_version
net_version
net_version
net_version
net_version
net_version
net_version
net_version
net_version
net_version
net_version
net_version
net_version
net_version
net_version
net_version
net_version
net_version
net_version
net_version
net_version
net_version
eth_accounts
net_version
net_version
net_version
net_version
net_version
net_version
net_version
net_version
net_version
net_version
net_version
net_version
net_version
net_version
net_version
net_version
net_version
net_version
net_version
net_version
net_version
net_version
net_version
net_version
net_version
eth_accounts
net_version
net_version
net_version
net_version
net_version
net_version
net_version
net_version
net_version
net_version
net_version
net_version
net_version
net_version
net_version
net_version
net_version
net_version
net_version
net_version
net_version
net_version
net_version
net_version
net_version
eth_accounts
net_version
net_version
net_version
net_version
net_version
net_version
net_version
net_version
net_version
net_version
net_version
net_version
net_version
net_version
net_version
net_version
net_version
net_version
net_version
net_version
net_version
net_version
net_version
net_version
net_version
eth_call
eth_call
eth_call
net_version
net_version
net_version
net_version
net_version
net_version
net_version
net_version
net_version
net_version
net_version
net_version
net_version
net_version
net_version
net_version
net_version
net_version
net_version
net_version
net_version
net_version
net_version
net_version
eth_accounts
net_version
eth_call
eth_call
eth_call
eth_call
eth_call
eth_call
eth_call
eth_accounts
net_version
net_version
net_version
net_version
net_version
net_version
net_version
net_version
net_version
net_version
net_version
net_version
net_version
net_version
net_version
net_version
net_version
net_version
net_version
net_version
net_version
net_version
net_version
net_version
net_version
eth_call
eth_call
eth_call
eth_accounts
net_version
net_version
net_version
net_version
net_version
net_version
net_version
net_version
net_version
net_version
net_version
net_version
net_version
net_version
net_version
net_version
net_version
net_version
net_version
net_version
net_version
net_version
net_version
net_version
net_version
eth_accounts
net_version
net_version
eth_accounts
net_version
net_version
net_version
net_version
net_version
net_version
net_version
net_version
net_version
net_version
net_version
net_version
net_version
net_version
net_version
net_version
net_version
net_version
net_version
net_version
net_version
net_version
net_version
net_version
net_version
eth_accounts
eth_blockNumber
eth_estimateGas
eth_estimateGas
eth_gasPrice
eth_gasPrice
eth_sendTransaction
eth_sendTransaction

  Transaction: 0x3d26fb402f575d3dca888e74a147dba5b817b420b0a5f938dd81863341dbba49
  Gas usage: 109588
  Block Number: 138
  Block Time: Tue May 19 2020 15:05:41 GMT+0200 (Central European Summer Time)

eth_getTransactionReceipt

  Transaction: 0x852311dd860dcd89ab0e5d792563b95a770bc6c6cd61130575462016cbbc7850
  Gas usage: 49588
  Block Number: 139
  Block Time: Tue May 19 2020 15:05:41 GMT+0200 (Central European Summer Time)

eth_getTransactionReceipt
eth_blockNumber
eth_getLogs
eth_blockNumber
eth_blockNumber
eth_blockNumber
eth_blockNumber
eth_blockNumber
eth_blockNumber
eth_blockNumber
eth_blockNumber
eth_blockNumber
eth_estimateGas
eth_estimateGas
eth_gasPrice
eth_gasPrice
eth_sendTransaction
eth_sendTransaction

  Transaction: 0x73bc139dcf229fc4f2bd0fd115ed516298decf3bf262d0b3907da64fe1fe58bb
  Gas usage: 49588
  Block Number: 140
  Block Time: Tue May 19 2020 15:05:43 GMT+0200 (Central European Summer Time)

eth_getTransactionReceipt
eth_blockNumber

  Transaction: 0x72be21408a80554c783d1aed59d1069cc90f7345aecb3c440291e5f8965a8b0e
  Gas usage: 49588
  Block Number: 141
  Block Time: Tue May 19 2020 15:05:43 GMT+0200 (Central European Summer Time)

eth_getTransactionReceipt
eth_getLogs
eth_accounts
net_version
net_version
net_version
net_version
net_version
net_version
net_version
net_version
net_version
net_version
net_version
net_version
net_version
net_version
net_version
net_version
net_version
net_version
net_version
net_version
net_version
net_version
net_version
net_version
net_version
eth_accounts
eth_blockNumber
eth_estimateGas
eth_gasPrice
eth_sendTransaction

  Transaction: 0x882974d895548f5f1f9dd448b6eb05f59c087a055fed6964fdfbaa2e613ef132
  Gas usage: 49588
  Block Number: 142
  Block Time: Tue May 19 2020 15:05:43 GMT+0200 (Central European Summer Time)

eth_getTransactionReceipt
eth_blockNumber
eth_getLogs
eth_estimateGas
eth_gasPrice
eth_sendTransaction

  Transaction: 0x7f11ab2e62c7d769d52b21cd4f14fe2cb6a1f7e67920b6743324a722483580ad
  Gas usage: 49588
  Block Number: 143
  Block Time: Tue May 19 2020 15:05:45 GMT+0200 (Central European Summer Time)

eth_getTransactionReceipt
eth_accounts
net_version
net_version
net_version
net_version
net_version
net_version
net_version
net_version
net_version
net_version
net_version
net_version
net_version
net_version
net_version
net_version
net_version
net_version
net_version
net_version
net_version
net_version
net_version
net_version
net_version
eth_accounts
eth_blockNumber
eth_blockNumber
eth_estimateGas
eth_blockNumber
eth_gasPrice
eth_sendTransaction

  Transaction: 0x41bb4d4ed9d1e0d662bcc4c809e56d2f55abe207ebe8529db6359f71cef1c1c5
  Gas usage: 49588
  Block Number: 144
  Block Time: Tue May 19 2020 15:05:46 GMT+0200 (Central European Summer Time)

eth_getTransactionReceipt
eth_blockNumber
eth_getLogs
net_version
net_version
net_version
net_version
net_version
net_version
net_version
net_version
net_version
net_version
net_version
net_version
net_version
net_version
net_version
net_version
net_version
net_version
net_version
net_version
net_version
net_version
net_version
net_version
net_version
net_version
net_version
net_version
eth_accounts
net_version
net_version
net_version
net_version
net_version
net_version
net_version
net_version
net_version
net_version
net_version
net_version
net_version
net_version
net_version
net_version
net_version
net_version
net_version
net_version
net_version
net_version
net_version
net_version
net_version
eth_accounts
eth_estimateGas
eth_gasPrice
eth_sendTransaction

  Transaction: 0xe973015fc42a9d02941b00f69894cb4e22b5772c534e6d7075fb574eebccb01c
  Gas usage: 160812
  Block Number: 145
  Block Time: Tue May 19 2020 15:05:46 GMT+0200 (Central European Summer Time)

eth_getTransactionReceipt
eth_accounts
eth_estimateGas
eth_gasPrice
eth_sendTransaction

  Transaction: 0x0df96feba1f7be0385a39eb24855e26afd266a4de87200b55c8cef4651ec48e8
  Gas usage: 145812
  Block Number: 146
  Block Time: Tue May 19 2020 15:05:46 GMT+0200 (Central European Summer Time)

eth_getTransactionReceipt
eth_estimateGas
eth_gasPrice
eth_sendTransaction

  Transaction: 0xbfb71d6c8bce8025ce9fe161caa9780032888a254d72ffb9622a950e7573a087
  Gas usage: 59596
  Block Number: 147
  Block Time: Tue May 19 2020 15:05:46 GMT+0200 (Central European Summer Time)

eth_getTransactionReceipt
eth_accounts
eth_estimateGas
eth_gasPrice
eth_sendTransaction

  Transaction: 0x0af9320629041407d937d300eda471310bc310ec64648e9eb3356f27e01ea87a
  Gas usage: 145748
  Block Number: 148
  Block Time: Tue May 19 2020 15:05:46 GMT+0200 (Central European Summer Time)

eth_getTransactionReceipt
eth_call
eth_call
eth_accounts
eth_estimateGas
eth_gasPrice
eth_sendTransaction

  Transaction: 0x8efd5ebf8b4cd8f1165cf96679128225b49c16c1625de80652806fac9f9e57bb
  Gas usage: 145812
  Block Number: 149
  Block Time: Tue May 19 2020 15:05:46 GMT+0200 (Central European Summer Time)

eth_getTransactionReceipt
eth_accounts
eth_estimateGas
eth_gasPrice
eth_sendTransaction

  Transaction: 0x4235a04d13d6660916d811aad312abb32553fb7885674c7cd727e85cc3510d39
  Gas usage: 32762
  Block Number: 150
  Block Time: Tue May 19 2020 15:05:46 GMT+0200 (Central European Summer Time)

eth_getTransactionReceipt
eth_call
net_version
net_version
net_version
net_version
net_version
net_version
net_version
net_version
net_version
net_version
net_version
net_version
net_version
net_version
net_version
net_version
net_version
net_version
net_version
net_version
net_version
net_version
net_version
net_version
eth_blockNumber
eth_blockNumber
eth_blockNumber
eth_accounts
net_version
net_version
net_version
net_version
net_version
net_version
net_version
net_version
net_version
net_version
net_version
net_version
net_version
net_version
net_version
net_version
net_version
net_version
net_version
net_version
net_version
net_version
net_version
net_version
net_version
net_version
net_version
net_version
net_version
net_version
net_version
net_version
net_version
net_version
net_version
net_version
net_version
net_version
net_version
net_version
net_version
net_version
net_version
net_version
net_version
net_version
net_version
net_version
net_version
net_version
net_version
net_version
net_version
net_version
net_version
net_version
net_version
net_version
net_version
net_version
net_version
net_version
net_version
net_version
net_version
net_version
net_version
net_version
net_version
net_version
net_version
net_version
net_version
net_version
net_version
net_version
net_version
net_version
net_version
net_version
net_version
net_version
net_version
net_version
net_version
net_version
net_version
net_version
net_version
net_version
net_version
net_version
net_version
net_version
net_version
net_version
net_version
net_version
net_version
net_version
net_version
net_version
net_version
net_version
net_version
net_version
net_version
net_version
net_version
net_version
net_version
net_version
net_version
net_version
net_version
net_version
net_version
net_version
net_version
net_version
net_version
net_version
net_version
net_version
net_version
net_version
net_version
net_version
net_version
net_version
net_version
net_version
net_version
net_version
net_version
net_version
net_version
net_version
net_version
net_version
net_version
net_version
net_version
net_version
net_version
net_version
net_version
net_version
net_version
net_version
net_version
net_version
net_version
net_version
net_version
net_version
net_version
net_version
net_version
net_version
net_version
net_version
net_version
net_version
net_version
net_version
net_version
net_version
net_version
net_version
eth_accounts
net_version
net_version
net_version
net_version
net_version
net_version
net_version
net_version
net_version
net_version
net_version
net_version
net_version
net_version
net_version
net_version
net_version
net_version
net_version
net_version
net_version
net_version
net_version
net_version
net_version
eth_accounts
eth_call
eth_call
eth_call
eth_call
eth_estimateGas
eth_gasPrice
eth_sendTransaction

  Transaction: 0x7291b0e9ae91c3c95df39b368d7461bf7c1d66ddba23475d3542a7acf7b85c38
  Gas usage: 49588
  Block Number: 151
  Block Time: Tue May 19 2020 15:05:47 GMT+0200 (Central European Summer Time)

eth_getTransactionReceipt
eth_call
eth_call
eth_getBalance
eth_getBalance
eth_call
eth_call
eth_estimateGas
eth_gasPrice
eth_sendTransaction

  Transaction: 0x22700db3e8240316cff83beaab2aabe5b1e79d1460b494fbfc94590e3fcc34f5
  Gas usage: 49652
  Block Number: 152
  Block Time: Tue May 19 2020 15:05:48 GMT+0200 (Central European Summer Time)

eth_getTransactionReceipt
net_version
net_version
net_version
net_version
net_version
net_version
net_version
net_version
net_version
net_version
net_version
net_version
net_version
net_version
net_version
net_version
net_version
net_version
net_version
net_version
net_version
net_version
net_version
net_version
eth_accounts
eth_accounts
eth_accounts
net_version
net_version
net_version
net_version
net_version
net_version
net_version
net_version
net_version
net_version
net_version
net_version
net_version
net_version
net_version
net_version
net_version
net_version
net_version
net_version
net_version
net_version
net_version
net_version
net_version
net_version
net_version
net_version
net_version
net_version
net_version
net_version
net_version
net_version
net_version
net_version
net_version
net_version
net_version
net_version
net_version
net_version
net_version
net_version
net_version
net_version
net_version
net_version
eth_accounts
personal_sign
eth_sign
personal_sign
eth_sign
eth_accounts
net_version
net_version
net_version
net_version
net_version
net_version
net_version
net_version
net_version
net_version
net_version
net_version
net_version
net_version
net_version
net_version
net_version
net_version
net_version
net_version
net_version
net_version
net_version
net_version
net_version
net_version
net_version
net_version
net_version
net_version
net_version
net_version
net_version
net_version
net_version
net_version
net_version
net_version
net_version
net_version
net_version
net_version
net_version
net_version
net_version
net_version
net_version
net_version
net_version
eth_accounts
eth_getBalance
eth_call
eth_call
net_version
net_version
net_version
net_version
net_version
net_version
net_version
net_version
net_version
net_version
net_version
net_version
net_version
net_version
net_version
net_version
net_version
net_version
net_version
net_version
net_version
net_version
net_version
net_version
eth_accounts
personal_sign
eth_sign
net_version
net_version
net_version
net_version
net_version
net_version
net_version
net_version
net_version
net_version
net_version
net_version
net_version
net_version
net_version
net_version
net_version
net_version
net_version
net_version
net_version
net_version
net_version
net_version
